<?xml version="1.0" encoding="UTF-8"?>
<!-- Generated by org.testng.reporters.JUnitXMLReporter -->
<testsuite ignored="0" hostname="LAPTOP-P2QE43U4" failures="0" tests="1" name="Test" time="35.279" errors="0" timestamp="2024-12-20T14:49:42 CST">
  <testcase classname="com.tests.A_ZScrapedRecipesLCHF" name="@BeforeMethod setup" time="35.111">
    <failure type="java.lang.NoSuchMethodError" message="&amp;apos;org.apache.commons.io.output.UnsynchronizedByteArrayOutputStream$Builder org.apache.commons.io.output.UnsynchronizedByteArrayOutputStream.builder()&amp;apos;">
      <![CDATA[java.lang.NoSuchMethodError: 'org.apache.commons.io.output.UnsynchronizedByteArrayOutputStream$Builder org.apache.commons.io.output.UnsynchronizedByteArrayOutputStream.builder()'
at org.apache.poi.util.IOUtils.peekFirstNBytes(IOUtils.java:144)
at org.apache.poi.poifs.filesystem.FileMagic.valueOf(FileMagic.java:209)
at org.apache.poi.openxml4j.opc.internal.ZipHelper.verifyZipHeader(ZipHelper.java:145)
at org.apache.poi.openxml4j.opc.internal.ZipHelper.openZipStream(ZipHelper.java:189)
at org.apache.poi.openxml4j.opc.ZipPackage.<init>(ZipPackage.java:156)
at org.apache.poi.openxml4j.opc.OPCPackage.open(OPCPackage.java:351)
at org.apache.poi.ooxml.util.PackageHelper.open(PackageHelper.java:64)
at org.apache.poi.xssf.usermodel.XSSFWorkbook.<init>(XSSFWorkbook.java:315)
at org.apache.poi.xssf.usermodel.XSSFWorkbook.<init>(XSSFWorkbook.java:289)
at com.utilities.ExcelReader.getDataFromExcel(ExcelReader.java:26)
at com.pages.Recipes_LCHFPage.readExcel(Recipes_LCHFPage.java:53)
at com.tests.A_ZScrapedRecipesLCHF.setup(A_ZScrapedRecipesLCHF.java:34)
at java.base/java.util.ArrayList.forEach(ArrayList.java:1596)
... Removed 29 stack frames]]>
    </failure>
  </testcase> <!-- @BeforeMethod setup -->
  <testcase classname="com.tests.A_ZScrapedRecipesLCHF" name="@AfterMethod tearDown" time="0.0">
    <skipped/>
  </testcase> <!-- @AfterMethod tearDown -->
  <testcase classname="com.tests.A_ZScrapedRecipesLCHF" name="clickAlphabetLink" time="0.0">
    <skipped/>
  </testcase> <!-- clickAlphabetLink -->
</testsuite> <!-- Test -->
