<?xml version="1.0" encoding="UTF-8"?>
<testng-results ignored="0" total="1" passed="1" failed="0" skipped="0">
  <reporter-output>
  </reporter-output>
  <suite started-at="2024-12-24T10:10:56 EST" name="Default suite" finished-at="2024-12-24T10:53:26 EST" duration-ms="2550208">
    <groups>
    </groups>
    <test started-at="2024-12-24T10:10:56 EST" name="Default test" finished-at="2024-12-24T10:53:26 EST" duration-ms="2550208">
      <class name="com.tests.ScrapingRecipes">
        <test-method is-config="true" signature="setup()[pri:0, instance:com.tests.ScrapingRecipes@43df23d3]" started-at="2024-12-24T10:10:56 EST" name="setup" finished-at="2024-12-24T10:11:14 EST" duration-ms="18073" status="PASS">
          <reporter-output>
          </reporter-output>
        </test-method> <!-- setup -->
        <test-method signature="clickAlphabetLink(java.lang.String)[pri:0, instance:com.tests.ScrapingRecipes@43df23d3]" started-at="2024-12-24T10:11:14 EST" name="clickAlphabetLink" data-provider="alphabetDataProvider" finished-at="2024-12-24T10:53:20 EST" duration-ms="2525945" status="PASS">
          <params>
            <param index="0">
              <value>
                <![CDATA[G]]>
              </value>
            </param>
          </params>
          <reporter-output>
          </reporter-output>
        </test-method> <!-- clickAlphabetLink -->
        <test-method is-config="true" signature="tearDown()[pri:0, instance:com.tests.ScrapingRecipes@43df23d3]" started-at="2024-12-24T10:53:20 EST" name="tearDown" finished-at="2024-12-24T10:53:26 EST" duration-ms="5873" status="PASS">
          <reporter-output>
          </reporter-output>
        </test-method> <!-- tearDown -->
      </class> <!-- com.tests.ScrapingRecipes -->
    </test> <!-- Default test -->
  </suite> <!-- Default suite -->
</testng-results>
